1573384904505	mozrunner::runner	INFO	Running command: "/usr/bin/firefox" "-marionette" "-foreground" "-no-remote" "-profile" "/tmp/rust_mozprofilevi2Buk"
1573384905750	addons.webextension.screenshots@mozilla.org	WARN	Loading extension 'screenshots@mozilla.org': Reading manifest: Invalid extension permission: mozillaAddons
1573384905750	addons.webextension.screenshots@mozilla.org	WARN	Loading extension 'screenshots@mozilla.org': Reading manifest: Invalid extension permission: telemetry
1573384905750	addons.webextension.screenshots@mozilla.org	WARN	Loading extension 'screenshots@mozilla.org': Reading manifest: Invalid extension permission: resource://pdf.js/
1573384905750	addons.webextension.screenshots@mozilla.org	WARN	Loading extension 'screenshots@mozilla.org': Reading manifest: Invalid extension permission: about:reader*
1573384910582	Marionette	INFO	Listening on port 43947
1573384910629	Marionette	WARN	TLS certificate errors will be ignored for this session
JavaScript warning: https://www.usagold.com/js/utilities/jsapi.js?v=1.1, line 1: unreachable code after return statement
JavaScript error: https://www.usagold.com/js/bootstrap.min.js, line 6: Error: Bootstrap's JavaScript requires at least jQuery v1.9.1 but less than v4.0.0
JavaScript error: https://www.usagold.com/reference/prices/goldhistory.php, line 1790: TypeError: Netdania.renderHistoricalDataForInstrument is not a constructor
JavaScript warning: https://www.usagold.com/js/utilities/jsapi.js?v=1.1, line 1: unreachable code after return statement
JavaScript error: https://www.usagold.com/js/bootstrap.min.js, line 6: Error: Bootstrap's JavaScript requires at least jQuery v1.9.1 but less than v4.0.0
JavaScript error: https://www.usagold.com/reference/prices/goldhistory.php?ddYears=2018, line 1938: TypeError: Netdania.renderHistoricalDataForInstrument is not a constructor
SourceActor threw an exception: [Exception... "Failed to open input source 'file:///'"  nsresult: "0x80520015 (NS_ERROR_FILE_ACCESS_DENIED)"  location: "JS frame :: resource://devtools/shared/DevToolsUtils.js :: mainThreadFetch/< :: line 678"  data: yes]
Stack: mainThreadFetch/<@resource://devtools/shared/DevToolsUtils.js:678:15
mainThreadFetch@resource://devtools/shared/DevToolsUtils.js:530:10
_fetchURLContents@resource://devtools/server/actors/utils/TabSources.js:580:22
urlContents@resource://devtools/server/actors/utils/TabSources.js:547:17
_resurrectSource@resource://devtools/server/actors/thread.js:2033:69
addAllSources@resource://devtools/server/actors/thread.js:1334:14
onSources@resource://devtools/server/actors/thread.js:1340:10
onPacket@resource://devtools/server/debugger-server-connection.js:378:58
receiveMessage@resource://devtools/shared/transport/child-transport.js:66:16
Line: 678, column: 0
console.error: ({})
JavaScript error: resource://devtools/shared/DevToolsUtils.js, line 678: NS_ERROR_FILE_ACCESS_DENIED: Failed to open input source 'file:///'
1573385547534	mozrunner::runner	INFO	Running command: "/usr/bin/firefox" "-marionette" "-foreground" "-no-remote" "-profile" "/tmp/rust_mozprofileGRNP9w"
1573385548301	addons.webextension.screenshots@mozilla.org	WARN	Loading extension 'screenshots@mozilla.org': Reading manifest: Invalid extension permission: mozillaAddons
1573385548301	addons.webextension.screenshots@mozilla.org	WARN	Loading extension 'screenshots@mozilla.org': Reading manifest: Invalid extension permission: telemetry
1573385548302	addons.webextension.screenshots@mozilla.org	WARN	Loading extension 'screenshots@mozilla.org': Reading manifest: Invalid extension permission: resource://pdf.js/
1573385548302	addons.webextension.screenshots@mozilla.org	WARN	Loading extension 'screenshots@mozilla.org': Reading manifest: Invalid extension permission: about:reader*
1573385551565	Marionette	INFO	Listening on port 38365
1573385551646	Marionette	WARN	TLS certificate errors will be ignored for this session
JavaScript warning: https://www.usagold.com/js/utilities/jsapi.js?v=1.1, line 1: unreachable code after return statement
JavaScript error: https://www.usagold.com/js/bootstrap.min.js, line 6: Error: Bootstrap's JavaScript requires at least jQuery v1.9.1 but less than v4.0.0
JavaScript error: https://www.usagold.com/reference/prices/goldhistory.php, line 1790: TypeError: Netdania.renderHistoricalDataForInstrument is not a constructor
JavaScript warning: https://www.usagold.com/js/utilities/jsapi.js?v=1.1, line 1: unreachable code after return statement
JavaScript error: https://www.usagold.com/js/bootstrap.min.js, line 6: Error: Bootstrap's JavaScript requires at least jQuery v1.9.1 but less than v4.0.0
JavaScript error: https://www.usagold.com/reference/prices/goldhistory.php?ddYears=2018, line 1938: TypeError: Netdania.renderHistoricalDataForInstrument is not a constructor
JavaScript warning: https://www.usagold.com/js/utilities/jsapi.js?v=1.1, line 1: unreachable code after return statement
JavaScript error: https://www.usagold.com/js/bootstrap.min.js, line 6: Error: Bootstrap's JavaScript requires at least jQuery v1.9.1 but less than v4.0.0
JavaScript error: https://www.usagold.com/js/utilities/jsapi.js?v=1.1, line 1: Error: Script failed to load [https://balancer8.netdania.com/StreamingServer/StreamingServer?xstream=1&v=1&dt=1&h=eyJnIjoid3d3LnVzYWdvbGQuY29tIiwiYWkiOiJqc2FwaS13d3cudXNhZ29sZC5jb20iLCJwciI6IjMiLCJhdSI6Imh0dHBzOi8vd3d3LnVzYWdvbGQuY29tL3JlZmVyZW5jZS9wcmljZXMvZ29sZGhpc3RvcnkucGhwP2RkWWVhcnM9MjAxOCJ9&xcmd=undefined&cb=jXHR.cb2385&ts=0.6534314568097704], most probably due to an invalid URL or server error.
JavaScript error: https://www.usagold.com/js/utilities/jsapi.js?v=1.1, line 1: Error: Script failed to load [https://balancer8.netdania.com/StreamingServer/StreamingServer?dt=1&sessid=IQ16711&cb=jXHR.cb7&xpoll&ts=0.5189977559896652], most probably due to an invalid URL or server error.
[Child 5535, Chrome_ChildThread] WARNING: pipe error: Broken pipe: file /build/firefox-clezVp/firefox-70.0.1+build1/ipc/chromium/src/chrome/common/ipc_channel_posix.cc, line 728

###!!! [Child][RunMessage] Error: Channel closing: too late to send/recv, messages will be lost

[Parent 5464, Gecko_IOThread] WARNING: pipe error (128): Connection reset by peer: file /build/firefox-clezVp/firefox-70.0.1+build1/ipc/chromium/src/chrome/common/ipc_channel_posix.cc, line 358
JavaScript error: , line 0: UnknownError: The operation failed for reasons unrelated to the database itself and not covered by any other error code.
1573386172817	Marionette	INFO	Stopped listening on port 38365
1573386200452	mozrunner::runner	INFO	Running command: "/usr/bin/firefox" "-marionette" "-foreground" "-no-remote" "-profile" "/tmp/rust_mozprofileoQqoDB"
1573386201324	addons.webextension.screenshots@mozilla.org	WARN	Loading extension 'screenshots@mozilla.org': Reading manifest: Invalid extension permission: mozillaAddons
1573386201324	addons.webextension.screenshots@mozilla.org	WARN	Loading extension 'screenshots@mozilla.org': Reading manifest: Invalid extension permission: telemetry
1573386201324	addons.webextension.screenshots@mozilla.org	WARN	Loading extension 'screenshots@mozilla.org': Reading manifest: Invalid extension permission: resource://pdf.js/
1573386201324	addons.webextension.screenshots@mozilla.org	WARN	Loading extension 'screenshots@mozilla.org': Reading manifest: Invalid extension permission: about:reader*
1573386204278	Marionette	INFO	Listening on port 39201
1573386204364	Marionette	WARN	TLS certificate errors will be ignored for this session
JavaScript warning: https://www.usagold.com/js/utilities/jsapi.js?v=1.1, line 1: unreachable code after return statement
JavaScript error: https://www.usagold.com/js/bootstrap.min.js, line 6: Error: Bootstrap's JavaScript requires at least jQuery v1.9.1 but less than v4.0.0
JavaScript error: https://www.usagold.com/reference/prices/goldhistory.php, line 1790: TypeError: Netdania.renderHistoricalDataForInstrument is not a constructor
1573386234732	mozrunner::runner	INFO	Running command: "/usr/bin/firefox" "-marionette" "-foreground" "-no-remote" "-profile" "/tmp/rust_mozprofile6lLHvK"
1573386235471	addons.webextension.screenshots@mozilla.org	WARN	Loading extension 'screenshots@mozilla.org': Reading manifest: Invalid extension permission: mozillaAddons
1573386235471	addons.webextension.screenshots@mozilla.org	WARN	Loading extension 'screenshots@mozilla.org': Reading manifest: Invalid extension permission: telemetry
1573386235472	addons.webextension.screenshots@mozilla.org	WARN	Loading extension 'screenshots@mozilla.org': Reading manifest: Invalid extension permission: resource://pdf.js/
1573386235472	addons.webextension.screenshots@mozilla.org	WARN	Loading extension 'screenshots@mozilla.org': Reading manifest: Invalid extension permission: about:reader*
1573386238570	Marionette	INFO	Listening on port 43853
1573386238647	Marionette	WARN	TLS certificate errors will be ignored for this session
JavaScript warning: https://www.usagold.com/js/utilities/jsapi.js?v=1.1, line 1: unreachable code after return statement
JavaScript error: https://www.usagold.com/js/bootstrap.min.js, line 6: Error: Bootstrap's JavaScript requires at least jQuery v1.9.1 but less than v4.0.0
JavaScript error: https://www.usagold.com/reference/prices/goldhistory.php, line 1790: TypeError: Netdania.renderHistoricalDataForInstrument is not a constructor
JavaScript warning: https://www.usagold.com/js/utilities/jsapi.js?v=1.1, line 1: unreachable code after return statement
JavaScript error: https://www.usagold.com/js/bootstrap.min.js, line 6: Error: Bootstrap's JavaScript requires at least jQuery v1.9.1 but less than v4.0.0
JavaScript warning: https://www.usagold.com/js/utilities/jsapi.js?v=1.1, line 1: unreachable code after return statement
JavaScript error: https://www.usagold.com/js/bootstrap.min.js, line 6: Error: Bootstrap's JavaScript requires at least jQuery v1.9.1 but less than v4.0.0
JavaScript warning: https://www.usagold.com/js/utilities/jsapi.js?v=1.1, line 1: unreachable code after return statement
JavaScript error: https://www.usagold.com/js/bootstrap.min.js, line 6: Error: Bootstrap's JavaScript requires at least jQuery v1.9.1 but less than v4.0.0
JavaScript error: https://www.usagold.com/js/bootstrap.min.js, line 6: Error: Bootstrap's JavaScript requires at least jQuery v1.9.1 but less than v4.0.0
JavaScript error: https://www.usagold.com/reference/prices/goldhistory.php?ddYears=2017, line 1934: TypeError: Netdania.renderHistoricalDataForInstrument is not a constructor
JavaScript error: https://www.usagold.com/js/bootstrap.min.js, line 6: Error: Bootstrap's JavaScript requires at least jQuery v1.9.1 but less than v4.0.0
JavaScript error: https://www.usagold.com/reference/prices/goldhistory.php?ddYears=2018, line 1938: TypeError: Netdania.renderHistoricalDataForInstrument is not a constructor
[Parent 5918, Gecko_IOThread] WARNING: pipe error (67): Connection reset by peer: file /build/firefox-clezVp/firefox-70.0.1+build1/ipc/chromium/src/chrome/common/ipc_channel_posix.cc, line 358
JavaScript error: , line 0: UnknownError: The operation failed for reasons unrelated to the database itself and not covered by any other error code.
1573386403917	Marionette	INFO	Stopped listening on port 39201
1573386552889	mozrunner::runner	INFO	Running command: "/usr/bin/firefox" "-marionette" "-foreground" "-no-remote" "-profile" "/tmp/rust_mozprofileYV54wm"
1573386553636	addons.webextension.screenshots@mozilla.org	WARN	Loading extension 'screenshots@mozilla.org': Reading manifest: Invalid extension permission: mozillaAddons
1573386553636	addons.webextension.screenshots@mozilla.org	WARN	Loading extension 'screenshots@mozilla.org': Reading manifest: Invalid extension permission: telemetry
1573386553636	addons.webextension.screenshots@mozilla.org	WARN	Loading extension 'screenshots@mozilla.org': Reading manifest: Invalid extension permission: resource://pdf.js/
1573386553636	addons.webextension.screenshots@mozilla.org	WARN	Loading extension 'screenshots@mozilla.org': Reading manifest: Invalid extension permission: about:reader*
1573386557089	Marionette	INFO	Listening on port 44975
1573386557113	Marionette	WARN	TLS certificate errors will be ignored for this session
JavaScript error: , line 0: UnknownError: The operation failed for reasons unrelated to the database itself and not covered by any other error code.
1573386560244	Marionette	INFO	Stopped listening on port 43853
1573386564640	Marionette	INFO	Stopped listening on port 44975
1573386584993	mozrunner::runner	INFO	Running command: "/usr/bin/firefox" "-marionette" "-foreground" "-no-remote" "-profile" "/tmp/rust_mozprofilejzxqW7"
1573386585778	addons.webextension.screenshots@mozilla.org	WARN	Loading extension 'screenshots@mozilla.org': Reading manifest: Invalid extension permission: mozillaAddons
1573386585778	addons.webextension.screenshots@mozilla.org	WARN	Loading extension 'screenshots@mozilla.org': Reading manifest: Invalid extension permission: telemetry
1573386585778	addons.webextension.screenshots@mozilla.org	WARN	Loading extension 'screenshots@mozilla.org': Reading manifest: Invalid extension permission: resource://pdf.js/
1573386585779	addons.webextension.screenshots@mozilla.org	WARN	Loading extension 'screenshots@mozilla.org': Reading manifest: Invalid extension permission: about:reader*
1573386589512	Marionette	INFO	Listening on port 39531
1573386589610	Marionette	WARN	TLS certificate errors will be ignored for this session
JavaScript warning: https://www.usagold.com/js/utilities/jsapi.js?v=1.1, line 1: unreachable code after return statement
JavaScript error: https://www.usagold.com/js/bootstrap.min.js, line 6: Error: Bootstrap's JavaScript requires at least jQuery v1.9.1 but less than v4.0.0
JavaScript error: https://www.usagold.com/reference/prices/goldhistory.php, line 1790: TypeError: Netdania.renderHistoricalDataForInstrument is not a constructor
[Parent 6583, Gecko_IOThread] WARNING: pipe error (74): Connection reset by peer: file /build/firefox-clezVp/firefox-70.0.1+build1/ipc/chromium/src/chrome/common/ipc_channel_posix.cc, line 358
[Parent 6583, Gecko_IOThread] WARNING: pipe error (73): Connection reset by peer: file /build/firefox-clezVp/firefox-70.0.1+build1/ipc/chromium/src/chrome/common/ipc_channel_posix.cc, line 358
console.error: (new Error("Transaction canceled due to a closed connection.", "resource://gre/modules/Sqlite.jsm", 613))
JavaScript error: , line 0: UnknownError: The operation failed for reasons unrelated to the database itself and not covered by any other error code.
1573386662381	Marionette	INFO	Stopped listening on port 39531
1573386665233	mozrunner::runner	INFO	Running command: "/usr/bin/firefox" "-marionette" "-foreground" "-no-remote" "-profile" "/tmp/rust_mozprofilebRECo1"
1573386666012	addons.webextension.screenshots@mozilla.org	WARN	Loading extension 'screenshots@mozilla.org': Reading manifest: Invalid extension permission: mozillaAddons
1573386666012	addons.webextension.screenshots@mozilla.org	WARN	Loading extension 'screenshots@mozilla.org': Reading manifest: Invalid extension permission: telemetry
1573386666012	addons.webextension.screenshots@mozilla.org	WARN	Loading extension 'screenshots@mozilla.org': Reading manifest: Invalid extension permission: resource://pdf.js/
1573386666012	addons.webextension.screenshots@mozilla.org	WARN	Loading extension 'screenshots@mozilla.org': Reading manifest: Invalid extension permission: about:reader*
1573386669277	Marionette	INFO	Listening on port 42399
1573386669355	Marionette	WARN	TLS certificate errors will be ignored for this session
JavaScript error: resource://activity-stream/lib/ActivityStreamPrefs.jsm, line 27: NS_ERROR_ILLEGAL_VALUE: Component returned failure code: 0x80070057 (NS_ERROR_ILLEGAL_VALUE) [nsIPrefBranch.removeObserver]
JavaScript error: resource://services-settings/RemoteSettingsClient.jsm, line 149: Error: Unknown callback
JavaScript error: resource://gre/modules/UrlClassifierListManager.jsm, line 680: TypeError: this.tablesData[table] is undefined
JavaScript error: resource://gre/modules/IndexedDB.jsm, line 370: UnknownError: The operation failed for reasons unrelated to the database itself and not covered by any other error code.
1573386672714	Marionette	INFO	Stopped listening on port 42399
[Parent 5101, Gecko_IOThread] WARNING: pipe error (114): Connection reset by peer: file /build/firefox-clezVp/firefox-70.0.1+build1/ipc/chromium/src/chrome/common/ipc_channel_posix.cc, line 358
[Parent 5101, Gecko_IOThread] WARNING: pipe error (65): Connection reset by peer: file /build/firefox-clezVp/firefox-70.0.1+build1/ipc/chromium/src/chrome/common/ipc_channel_posix.cc, line 358
JavaScript error: , line 0: UnknownError: The operation failed for reasons unrelated to the database itself and not covered by any other error code.
1573386676703	Marionette	INFO	Stopped listening on port 43947
1573386714823	mozrunner::runner	INFO	Running command: "/usr/bin/firefox" "-marionette" "-foreground" "-no-remote" "-profile" "/tmp/rust_mozprofilec7VSxm"
1573386715560	addons.webextension.screenshots@mozilla.org	WARN	Loading extension 'screenshots@mozilla.org': Reading manifest: Invalid extension permission: mozillaAddons
1573386715561	addons.webextension.screenshots@mozilla.org	WARN	Loading extension 'screenshots@mozilla.org': Reading manifest: Invalid extension permission: telemetry
1573386715561	addons.webextension.screenshots@mozilla.org	WARN	Loading extension 'screenshots@mozilla.org': Reading manifest: Invalid extension permission: resource://pdf.js/
1573386715561	addons.webextension.screenshots@mozilla.org	WARN	Loading extension 'screenshots@mozilla.org': Reading manifest: Invalid extension permission: about:reader*
1573386718516	Marionette	INFO	Listening on port 41611
1573386718542	Marionette	WARN	TLS certificate errors will be ignored for this session
JavaScript warning: https://www.usagold.com/js/utilities/jsapi.js?v=1.1, line 1: unreachable code after return statement
JavaScript error: https://www.usagold.com/js/bootstrap.min.js, line 6: Error: Bootstrap's JavaScript requires at least jQuery v1.9.1 but less than v4.0.0
JavaScript error: https://www.usagold.com/reference/prices/goldhistory.php, line 1790: TypeError: Netdania.renderHistoricalDataForInstrument is not a constructor
JavaScript warning: https://www.usagold.com/js/utilities/jsapi.js?v=1.1, line 1: unreachable code after return statement
JavaScript error: https://www.usagold.com/js/bootstrap.min.js, line 6: Error: Bootstrap's JavaScript requires at least jQuery v1.9.1 but less than v4.0.0
JavaScript warning: https://www.usagold.com/js/utilities/jsapi.js?v=1.1, line 1: unreachable code after return statement
JavaScript error: https://www.usagold.com/js/bootstrap.min.js, line 6: Error: Bootstrap's JavaScript requires at least jQuery v1.9.1 but less than v4.0.0
JavaScript warning: https://www.usagold.com/js/utilities/jsapi.js?v=1.1, line 1: unreachable code after return statement
JavaScript error: https://www.usagold.com/js/bootstrap.min.js, line 6: Error: Bootstrap's JavaScript requires at least jQuery v1.9.1 but less than v4.0.0
JavaScript error: https://www.usagold.com/js/bootstrap.min.js, line 6: Error: Bootstrap's JavaScript requires at least jQuery v1.9.1 but less than v4.0.0
JavaScript error: https://www.usagold.com/reference/prices/goldhistory.php?ddYears=2017, line 1934: TypeError: Netdania.renderHistoricalDataForInstrument is not a constructor
JavaScript error: https://www.usagold.com/js/bootstrap.min.js, line 6: Error: Bootstrap's JavaScript requires at least jQuery v1.9.1 but less than v4.0.0
JavaScript error: https://www.usagold.com/reference/prices/goldhistory.php?ddYears=2018, line 1938: TypeError: Netdania.renderHistoricalDataForInstrument is not a constructor
[Parent 6983, Gecko_IOThread] WARNING: pipe error (73): Connection reset by peer: file /build/firefox-clezVp/firefox-70.0.1+build1/ipc/chromium/src/chrome/common/ipc_channel_posix.cc, line 358
JavaScript error: , line 0: UnknownError: The operation failed for reasons unrelated to the database itself and not covered by any other error code.
1573386948006	Marionette	INFO	Stopped listening on port 41611
1573386957122	mozrunner::runner	INFO	Running command: "/usr/bin/firefox" "-marionette" "-foreground" "-no-remote" "-profile" "/tmp/rust_mozprofileYffC3Z"
1573386957885	addons.webextension.screenshots@mozilla.org	WARN	Loading extension 'screenshots@mozilla.org': Reading manifest: Invalid extension permission: mozillaAddons
1573386957885	addons.webextension.screenshots@mozilla.org	WARN	Loading extension 'screenshots@mozilla.org': Reading manifest: Invalid extension permission: telemetry
1573386957885	addons.webextension.screenshots@mozilla.org	WARN	Loading extension 'screenshots@mozilla.org': Reading manifest: Invalid extension permission: resource://pdf.js/
1573386957885	addons.webextension.screenshots@mozilla.org	WARN	Loading extension 'screenshots@mozilla.org': Reading manifest: Invalid extension permission: about:reader*
1573386961138	Marionette	INFO	Listening on port 33447
1573386961233	Marionette	WARN	TLS certificate errors will be ignored for this session
JavaScript warning: https://www.usagold.com/js/utilities/jsapi.js?v=1.1, line 1: unreachable code after return statement
JavaScript error: https://www.usagold.com/js/bootstrap.min.js, line 6: Error: Bootstrap's JavaScript requires at least jQuery v1.9.1 but less than v4.0.0
JavaScript error: https://www.usagold.com/reference/prices/goldhistory.php, line 1790: TypeError: Netdania.renderHistoricalDataForInstrument is not a constructor
JavaScript warning: https://www.usagold.com/js/utilities/jsapi.js?v=1.1, line 1: unreachable code after return statement
JavaScript error: https://www.usagold.com/js/bootstrap.min.js, line 6: Error: Bootstrap's JavaScript requires at least jQuery v1.9.1 but less than v4.0.0
JavaScript warning: https://www.usagold.com/js/utilities/jsapi.js?v=1.1, line 1: unreachable code after return statement
JavaScript error: https://www.usagold.com/js/bootstrap.min.js, line 6: Error: Bootstrap's JavaScript requires at least jQuery v1.9.1 but less than v4.0.0
JavaScript warning: https://www.usagold.com/js/utilities/jsapi.js?v=1.1, line 1: unreachable code after return statement
JavaScript error: https://www.usagold.com/js/bootstrap.min.js, line 6: Error: Bootstrap's JavaScript requires at least jQuery v1.9.1 but less than v4.0.0
JavaScript error: https://www.usagold.com/js/bootstrap.min.js, line 6: Error: Bootstrap's JavaScript requires at least jQuery v1.9.1 but less than v4.0.0
JavaScript error: https://www.usagold.com/reference/prices/goldhistory.php?ddYears=2017, line 1934: TypeError: Netdania.renderHistoricalDataForInstrument is not a constructor
JavaScript error: https://www.usagold.com/js/utilities/jsapi.js?v=1.1, line 1: Error: Script failed to load [https://balancer8.netdania.com/StreamingServer/StreamingServer?dt=1&sessid=NC18910&xcmd=W3sidCI6MiwiaSI6MSwibSI6MSwicyI6IlhBVVVTRE9aIiwicCI6ImNvbXN0b2NrX2xpdGUiLCJ0cyI6MSwicHQiOjEwMDB9XQ..&cb=jXHR.cb31], most probably due to an invalid URL or server error.
JavaScript error: https://www.usagold.com/js/bootstrap.min.js, line 6: Error: Bootstrap's JavaScript requires at least jQuery v1.9.1 but less than v4.0.0
JavaScript error: https://www.usagold.com/reference/prices/goldhistory.php?ddYears=2018, line 1938: TypeError: Netdania.renderHistoricalDataForInstrument is not a constructor
[Parent 7222, Gecko_IOThread] WARNING: pipe error (73): Connection reset by peer: file /build/firefox-clezVp/firefox-70.0.1+build1/ipc/chromium/src/chrome/common/ipc_channel_posix.cc, line 358
[Parent 7222, Gecko_IOThread] WARNING: pipe error (101): Connection reset by peer: file /build/firefox-clezVp/firefox-70.0.1+build1/ipc/chromium/src/chrome/common/ipc_channel_posix.cc, line 358
JavaScript error: , line 0: UnknownError: The operation failed for reasons unrelated to the database itself and not covered by any other error code.
1573388213926	Marionette	INFO	Stopped listening on port 33447
